# JRE version: OpenJDK Runtime Environment (11.0.2+9) (build 11.0.2+9)
# Java VM: OpenJDK 64-Bit Server VM (11.0.2+9, mixed mode, tiered, compressed oops, g1 gc, windows-amd64)
Heap:
 garbage-first heap   total 337920K, used 114822K [0x0000000740000000, 0x0000000800000000)
  region size 1024K, 15 young (15360K), 2 survivors (2048K)
 Metaspace       used 111981K, capacity 113297K, committed 117660K, reserved 1150976K
  class space    used 14936K, capacity 15441K, committed 16972K, reserved 1048576K
GC Heap History (10 events):
Event: 19019.320 GC heap before
{Heap before GC invocations=1189 (full 285):
 garbage-first heap   total 337920K, used 161694K [0x0000000740000000, 0x0000000800000000)
  region size 1024K, 60 young (61440K), 2 survivors (2048K)
 Metaspace       used 111975K, capacity 113297K, committed 117660K, reserved 1150976K
  class space    used 14936K, capacity 15441K, committed 16972K, reserved 1048576K
}
Event: 19019.324 GC heap after
{Heap after GC invocations=1190 (full 285):
 garbage-first heap   total 337920K, used 102380K [0x0000000740000000, 0x0000000800000000)
  region size 1024K, 2 young (2048K), 2 survivors (2048K)
 Metaspace       used 111975K, capacity 113297K, committed 117660K, reserved 1150976K
  class space    used 14936K, capacity 15441K, committed 16972K, reserved 1048576K
}
Event: 19027.556 GC heap before
{Heap before GC invocations=1190 (full 285):
 garbage-first heap   total 337920K, used 161772K [0x0000000740000000, 0x0000000800000000)
  region size 1024K, 60 young (61440K), 2 survivors (2048K)
 Metaspace       used 111975K, capacity 113297K, committed 117660K, reserved 1150976K
  class space    used 14936K, capacity 15441K, committed 16972K, reserved 1048576K
}
Event: 19027.560 GC heap after
{Heap after GC invocations=1191 (full 285):
 garbage-first heap   total 337920K, used 102359K [0x0000000740000000, 0x0000000800000000)
  region size 1024K, 2 young (2048K), 2 survivors (2048K)
 Metaspace       used 111975K, capacity 113297K, committed 117660K, reserved 1150976K
  class space    used 14936K, capacity 15441K, committed 16972K, reserved 1048576K
}
Event: 19038.330 GC heap before
{Heap before GC invocations=1191 (full 285):
 garbage-first heap   total 337920K, used 161751K [0x0000000740000000, 0x0000000800000000)
  region size 1024K, 60 young (61440K), 2 survivors (2048K)
 Metaspace       used 111977K, capacity 113297K, committed 117660K, reserved 1150976K
  class space    used 14936K, capacity 15441K, committed 16972K, reserved 1048576K
}
Event: 19038.335 GC heap after
{Heap after GC invocations=1192 (full 285):
 garbage-first heap   total 337920K, used 102469K [0x0000000740000000, 0x0000000800000000)
  region size 1024K, 2 young (2048K), 2 survivors (2048K)
 Metaspace       used 111977K, capacity 113297K, committed 117660K, reserved 1150976K
  class space    used 14936K, capacity 15441K, committed 16972K, reserved 1048576K
}
Event: 19048.432 GC heap before
{Heap before GC invocations=1192 (full 285):
 garbage-first heap   total 337920K, used 160837K [0x0000000740000000, 0x0000000800000000)
  region size 1024K, 60 young (61440K), 2 survivors (2048K)
 Metaspace       used 111981K, capacity 113297K, committed 117660K, reserved 1150976K
  class space    used 14936K, capacity 15441K, committed 16972K, reserved 1048576K
}
Event: 19048.436 GC heap after
{Heap after GC invocations=1193 (full 285):
 garbage-first heap   total 337920K, used 102530K [0x0000000740000000, 0x0000000800000000)
  region size 1024K, 2 young (2048K), 2 survivors (2048K)
 Metaspace       used 111981K, capacity 113297K, committed 117660K, reserved 1150976K
  class space    used 14936K, capacity 15441K, committed 16972K, reserved 1048576K
}
Event: 19054.956 GC heap before
{Heap before GC invocations=1193 (full 285):
 garbage-first heap   total 337920K, used 161922K [0x0000000740000000, 0x0000000800000000)
  region size 1024K, 60 young (61440K), 2 survivors (2048K)
 Metaspace       used 111981K, capacity 113297K, committed 117660K, reserved 1150976K
  class space    used 14936K, capacity 15441K, committed 16972K, reserved 1048576K
}
Event: 19054.960 GC heap after
{Heap after GC invocations=1194 (full 285):
 garbage-first heap   total 337920K, used 102534K [0x0000000740000000, 0x0000000800000000)
  region size 1024K, 2 young (2048K), 2 survivors (2048K)
 Metaspace       used 111981K, capacity 113297K, committed 117660K, reserved 1150976K
  class space    used 14936K, capacity 15441K, committed 16972K, reserved 1048576K
}

